<?xml version="1.0" encoding="UTF-8"?>
<!-- Generated by org.testng.reporters.JUnitReportReporter -->
<testsuite hostname="DESKTOP-5G1UN2J" failures="0" tests="8" name="testpages.FinalPaymentApprovalTest" time="7.518" errors="0" timestamp="2023-05-12T12:35:50 IST" skipped="0">
  <testcase classname="testpages.FinalPaymentApprovalTest" name="loginWithCashier" time="1.097"/>
  <system-out/>
  <testcase classname="testpages.FinalPaymentApprovalTest" name="FinancialWorkIsClickable" time="1.066"/>
  <system-out/>
  <testcase classname="testpages.FinalPaymentApprovalTest" name="InvoicegenerationmenuIsClickable" time="0.213"/>
  <system-out/>
  <testcase classname="testpages.FinalPaymentApprovalTest" name="OKIsClickable" time="0.092"/>
  <system-out/>
  <testcase classname="testpages.FinalPaymentApprovalTest" name="GroupCashbookdropdownIsselectable" time="1.683"/>
  <system-out/>
  <testcase classname="testpages.FinalPaymentApprovalTest" name="CashbookdropdownIsselectable" time="1.128"/>
  <system-out/>
  <testcase classname="testpages.FinalPaymentApprovalTest" name="designationdropdownIsselectable" time="1.159"/>
  <system-out/>
  <testcase classname="testpages.FinalPaymentApprovalTest" name="cansearchbillforapprovalfordycafo" time="1.080"/>
  <system-out/>
</testsuite> <!-- testpages.FinalPaymentApprovalTest -->
