<?xml version="1.0" encoding="UTF-8"?>
<!-- Generated by org.testng.reporters.JUnitReportReporter -->
<testsuite hostname="DESKTOP-5G1UN2J" failures="0" tests="33" name="testpages.TreasuryReceiptTest" time="46.548" errors="0" timestamp="2023-05-09T10:00:26 IST" skipped="0">
  <testcase classname="testpages.TreasuryReceiptTest" name="loginWithCashier" time="1.003"/>
  <system-out/>
  <testcase classname="testpages.TreasuryReceiptTest" name="FinancialWorkIsClickable" time="1.088"/>
  <system-out/>
  <testcase classname="testpages.TreasuryReceiptTest" name="namuna13Entryisclicakbale" time="1.388"/>
  <system-out/>
  <testcase classname="testpages.TreasuryReceiptTest" name="FYYearisselectable" time="1.199"/>
  <system-out/>
  <testcase classname="testpages.TreasuryReceiptTest" name="entrytypeselectable" time="1.240"/>
  <system-out/>
  <testcase classname="testpages.TreasuryReceiptTest" name="groupcashbookisselectable" time="1.359"/>
  <system-out/>
  <testcase classname="testpages.TreasuryReceiptTest" name="cashbookisselectable" time="1.178"/>
  <system-out/>
  <testcase classname="testpages.TreasuryReceiptTest" name="chllandatecanenter" time="1.605"/>
  <system-out/>
  <testcase classname="testpages.TreasuryReceiptTest" name="chllannumbercanenter" time="1.681"/>
  <system-out/>
  <testcase classname="testpages.TreasuryReceiptTest" name="RTGSDDnumbercanenter" time="1.610"/>
  <system-out/>
  <testcase classname="testpages.TreasuryReceiptTest" name="DepartmentcanSelect" time="1.238"/>
  <system-out/>
  <testcase classname="testpages.TreasuryReceiptTest" name="HeadcodecanSelect" time="1.102"/>
  <system-out/>
  <testcase classname="testpages.TreasuryReceiptTest" name="HeadcodecanSelectbyscrolling" time="7.123"/>
  <system-out/>
  <testcase classname="testpages.TreasuryReceiptTest" name="HeadcodecanSelectbyselect" time="1.098"/>
  <system-out/>
  <testcase classname="testpages.TreasuryReceiptTest" name="Reeiptamountcanenter" time="1.602"/>
  <system-out/>
  <testcase classname="testpages.TreasuryReceiptTest" name="canselectapprovedby" time="1.839"/>
  <system-out/>
  <testcase classname="testpages.TreasuryReceiptTest" name="enterdetailsforReceipt" time="1.144"/>
  <system-out/>
  <testcase classname="testpages.TreasuryReceiptTest" name="SaveButtonisClickable" time="1.077"/>
  <system-out/>
  <testcase classname="testpages.TreasuryReceiptTest" name="YesButtonisClickable" time="1.220"/>
  <system-out/>
  <testcase classname="testpages.TreasuryReceiptTest" name="OKButtonisClickable" time="1.090"/>
  <system-out/>
  <testcase classname="testpages.TreasuryReceiptTest" name="backButtonisClickable" time="1.092"/>
  <system-out/>
  <testcase classname="testpages.TreasuryReceiptTest" name="logoutButtonisClickable" time="1.100"/>
  <system-out/>
  <testcase classname="testpages.TreasuryReceiptTest" name="yesforlogoutButtonisClickable" time="1.295"/>
  <system-out/>
  <testcase classname="testpages.TreasuryReceiptTest" name="loginWithDycafo" time="0.841"/>
  <system-out/>
  <testcase classname="testpages.TreasuryReceiptTest" name="mastermenutabisClickable" time="1.067"/>
  <system-out/>
  <testcase classname="testpages.TreasuryReceiptTest" name="treasuryapprovalsubmenuisClickable" time="1.209"/>
  <system-out/>
  <testcase classname="testpages.TreasuryReceiptTest" name="Checkboxisclickable" time="1.087"/>
  <system-out/>
  <testcase classname="testpages.TreasuryReceiptTest" name="Approvebuttonisclickable" time="1.188"/>
  <system-out/>
  <testcase classname="testpages.TreasuryReceiptTest" name="yesbuttonisclickable" time="1.181"/>
  <system-out/>
  <testcase classname="testpages.TreasuryReceiptTest" name="okbuttonisclickable" time="1.088"/>
  <system-out/>
  <testcase classname="testpages.TreasuryReceiptTest" name="backButtonisClickable1" time="1.193"/>
  <system-out/>
  <testcase classname="testpages.TreasuryReceiptTest" name="logoutButtonisClickable1" time="1.094"/>
  <system-out/>
  <testcase classname="testpages.TreasuryReceiptTest" name="yesforlogoutButtonisClickable1" time="1.229"/>
  <system-out/>
</testsuite> <!-- testpages.TreasuryReceiptTest -->
