<?xml version="1.0" encoding="UTF-8"?>
<!-- Generated by org.testng.reporters.JUnitReportReporter -->
<testsuite hostname="DESKTOP-5G1UN2J" failures="0" tests="38" name="testpages.DeductionMappingTest" time="48.048" errors="0" timestamp="2023-06-05T09:46:54 IST" skipped="0">
  <testcase classname="testpages.DeductionMappingTest" name="loginWithMaker" time="0.736"/>
  <system-out/>
  <testcase classname="testpages.DeductionMappingTest" name="MasterMenuisClickable" time="0.336"/>
  <system-out/>
  <testcase classname="testpages.DeductionMappingTest" name="deductionmappingmenuisClickable" time="0.288"/>
  <system-out/>
  <testcase classname="testpages.DeductionMappingTest" name="Biitypeisslecatble" time="1.132"/>
  <system-out/>
  <testcase classname="testpages.DeductionMappingTest" name="adddetailsforsurchargeaccpayee" time="1.194"/>
  <system-out/>
  <testcase classname="testpages.DeductionMappingTest" name="canadddetailsforbnkname" time="1.104"/>
  <system-out/>
  <testcase classname="testpages.DeductionMappingTest" name="Brnachnameisacceptable" time="1.123"/>
  <system-out/>
  <testcase classname="testpages.DeductionMappingTest" name="canaddaccountnumber" time="1.098"/>
  <system-out/>
  <testcase classname="testpages.DeductionMappingTest" name="TextfieldacceptIFSCCode" time="1.175"/>
  <system-out/>
  <testcase classname="testpages.DeductionMappingTest" name="TextfieldacceptMICRCode" time="1.202"/>
  <system-out/>
  <testcase classname="testpages.DeductionMappingTest" name="Textfieldacceptaddress" time="1.148"/>
  <system-out/>
  <testcase classname="testpages.DeductionMappingTest" name="CanEnterPlacedetails" time="1.176"/>
  <system-out/>
  <testcase classname="testpages.DeductionMappingTest" name="Textfieldacceptdistrict" time="1.150"/>
  <system-out/>
  <testcase classname="testpages.DeductionMappingTest" name="Canadddetailsforsaletaxaccpayee" time="1.199"/>
  <system-out/>
  <testcase classname="testpages.DeductionMappingTest" name="canadddetailsforsaletaxBankname" time="1.171"/>
  <system-out/>
  <testcase classname="testpages.DeductionMappingTest" name="Brnachnameisacceptableforsaletax" time="1.138"/>
  <system-out/>
  <testcase classname="testpages.DeductionMappingTest" name="canaddsaletaxaccountnumber" time="1.131"/>
  <system-out/>
  <testcase classname="testpages.DeductionMappingTest" name="canaddTextfieldacceptIFSCCode" time="1.164"/>
  <system-out/>
  <testcase classname="testpages.DeductionMappingTest" name="canaddTextfieldsaletaxMICR" time="1.169"/>
  <system-out/>
  <testcase classname="testpages.DeductionMappingTest" name="Textfieldacceptandcanentertheaddressfordsaletax" time="1.149"/>
  <system-out/>
  <testcase classname="testpages.DeductionMappingTest" name="CanEnterPlacedetailsfosaletax" time="1.119"/>
  <system-out/>
  <testcase classname="testpages.DeductionMappingTest" name="Textfieldacceptsaletaxdistrict" time="1.165"/>
  <system-out/>
  <testcase classname="testpages.DeductionMappingTest" name="Savebuttonisclickable" time="1.114"/>
  <system-out/>
  <testcase classname="testpages.DeductionMappingTest" name="yesbuttonisclickable" time="1.362"/>
  <system-out/>
  <testcase classname="testpages.DeductionMappingTest" name="printbuttonisclickable" time="9.200"/>
  <system-out/>
  <testcase classname="testpages.DeductionMappingTest" name="Backbuttonisclickable" time="1.248"/>
  <system-out/>
  <testcase classname="testpages.DeductionMappingTest" name="logoutbuttonisclickable" time="1.098"/>
  <system-out/>
  <testcase classname="testpages.DeductionMappingTest" name="yesbuttonclickableforlogout" time="1.222"/>
  <system-out/>
  <testcase classname="testpages.DeductionMappingTest" name="loginWithHOD" time="0.494"/>
  <system-out/>
  <testcase classname="testpages.DeductionMappingTest" name="MasterMenuisClickableforHOD" time="0.073"/>
  <system-out/>
  <testcase classname="testpages.DeductionMappingTest" name="ductionapprovalmenumenuIsClickable" time="1.223"/>
  <system-out/>
  <testcase classname="testpages.DeductionMappingTest" name="Checkboxisclickable" time="1.097"/>
  <system-out/>
  <testcase classname="testpages.DeductionMappingTest" name="Approvebuttonisclickable" time="1.078"/>
  <system-out/>
  <testcase classname="testpages.DeductionMappingTest" name="yesbuttonisclickableforHOD" time="1.096"/>
  <system-out/>
  <testcase classname="testpages.DeductionMappingTest" name="okbuttonisclickable" time="1.084"/>
  <system-out/>
  <testcase classname="testpages.DeductionMappingTest" name="backButtonisClickable5" time="1.095"/>
  <system-out/>
  <testcase classname="testpages.DeductionMappingTest" name="logoutButtonisClickable1" time="1.086"/>
  <system-out/>
  <testcase classname="testpages.DeductionMappingTest" name="yesbuttonclickableforlogoutforHOD" time="1.211"/>
  <system-out/>
</testsuite> <!-- testpages.DeductionMappingTest -->
