<?xml version="1.0" encoding="UTF-8"?>
<!-- Generated by org.testng.reporters.JUnitReportReporter -->
<testsuite hostname="DESKTOP-5G1UN2J" failures="0" tests="46" name="testpages.WorkDetailsTest" time="57.821" errors="0" timestamp="2023-05-09T10:00:26 IST" skipped="0">
  <testcase classname="testpages.WorkDetailsTest" name="loginWithMaker" time="0.528"/>
  <system-out/>
  <testcase classname="testpages.WorkDetailsTest" name="AdministrativeWorkIsClickable" time="1.080"/>
  <system-out/>
  <testcase classname="testpages.WorkDetailsTest" name="WorkDetailsIsHovering" time="1.178"/>
  <system-out/>
  <testcase classname="testpages.WorkDetailsTest" name="WorkDetailCreationIsClickable" time="1.334"/>
  <system-out/>
  <testcase classname="testpages.WorkDetailsTest" name="rokhvahigatIsSelectable" time="1.164"/>
  <system-out/>
  <testcase classname="testpages.WorkDetailsTest" name="rokhvahiIsSelectable" time="1.138"/>
  <system-out/>
  <testcase classname="testpages.WorkDetailsTest" name="Enterheadcode" time="1.228"/>
  <system-out/>
  <testcase classname="testpages.WorkDetailsTest" name="HeadcodeisSelectable" time="1.076"/>
  <system-out/>
  <testcase classname="testpages.WorkDetailsTest" name="AdminApprovalNumbercanSelect" time="1.262"/>
  <system-out/>
  <testcase classname="testpages.WorkDetailsTest" name="PANNumbercanenter" time="2.291"/>
  <system-out/>
  <testcase classname="testpages.WorkDetailsTest" name="Worknametextboxshouldbeeditable" time="2.536"/>
  <system-out/>
  <testcase classname="testpages.WorkDetailsTest" name="Worknumbercanenter" time="1.651"/>
  <system-out/>
  <testcase classname="testpages.WorkDetailsTest" name="Workdateshouldbeeditable" time="1.610"/>
  <system-out/>
  <testcase classname="testpages.WorkDetailsTest" name="Workdateshouldbeselectable" time="1.584"/>
  <system-out/>
  <testcase classname="testpages.WorkDetailsTest" name="Workenddateshouldbeeditable" time="1.300"/>
  <system-out/>
  <testcase classname="testpages.WorkDetailsTest" name="Workenddateshouldbeselectable" time="1.482"/>
  <system-out/>
  <testcase classname="testpages.WorkDetailsTest" name="canEnterworktenderamount" time="1.399"/>
  <system-out/>
  <testcase classname="testpages.WorkDetailsTest" name="canEnterpramaamount" time="1.073"/>
  <system-out/>
  <testcase classname="testpages.WorkDetailsTest" name="fileuploadispossible" time="1.438"/>
  <system-out/>
  <testcase classname="testpages.WorkDetailsTest" name="fileuploadbuttonisclicakble" time="1.099"/>
  <system-out/>
  <testcase classname="testpages.WorkDetailsTest" name="Beneficiaryshouldbeclickable" time="2.073"/>
  <system-out/>
  <testcase classname="testpages.WorkDetailsTest" name="worksavebuttonisclickable" time="1.295"/>
  <system-out/>
  <testcase classname="testpages.WorkDetailsTest" name="workyesbuttonisclickable" time="1.319"/>
  <system-out/>
  <testcase classname="testpages.WorkDetailsTest" name="workokbuttonisclickable" time="0.199"/>
  <system-out/>
  <testcase classname="testpages.WorkDetailsTest" name="Backbuttonisclickable" time="1.175"/>
  <system-out/>
  <testcase classname="testpages.WorkDetailsTest" name="AdministrativeWorkIsClickable1" time="1.091"/>
  <system-out/>
  <testcase classname="testpages.WorkDetailsTest" name="WorkDetailsIsHovering1" time="1.161"/>
  <system-out/>
  <testcase classname="testpages.WorkDetailsTest" name="MakerWorkOutboxIsClickable" time="1.166"/>
  <system-out/>
  <testcase classname="testpages.WorkDetailsTest" name="workstatusdropdownIsClickable" time="1.227"/>
  <system-out/>
  <testcase classname="testpages.WorkDetailsTest" name="Workissearchable" time="1.515"/>
  <system-out/>
  <testcase classname="testpages.WorkDetailsTest" name="workslipisdisplay" time="1.182"/>
  <system-out/>
  <testcase classname="testpages.WorkDetailsTest" name="Backbuttonisclickable1" time="1.165"/>
  <system-out/>
  <testcase classname="testpages.WorkDetailsTest" name="Backbuttonisclickable2" time="1.200"/>
  <system-out/>
  <testcase classname="testpages.WorkDetailsTest" name="Logoutbuttonisclickable" time="1.098"/>
  <system-out/>
  <testcase classname="testpages.WorkDetailsTest" name="yesbuttonisclickableforlogout" time="1.249"/>
  <system-out/>
  <testcase classname="testpages.WorkDetailsTest" name="loginWithHOD" time="0.481"/>
  <system-out/>
  <testcase classname="testpages.WorkDetailsTest" name="AdministrativeWorkIsClickable2" time="1.064"/>
  <system-out/>
  <testcase classname="testpages.WorkDetailsTest" name="WorkDetailsIsHovering2" time="1.154"/>
  <system-out/>
  <testcase classname="testpages.WorkDetailsTest" name="WorkInboxIsclickable" time="1.212"/>
  <system-out/>
  <testcase classname="testpages.WorkDetailsTest" name="SearchWorkforHODApproval" time="1.471"/>
  <system-out/>
  <testcase classname="testpages.WorkDetailsTest" name="ViewWorkSlipforApproval" time="1.080"/>
  <system-out/>
  <testcase classname="testpages.WorkDetailsTest" name="ApproveButtonisclickable" time="1.096"/>
  <system-out/>
  <testcase classname="testpages.WorkDetailsTest" name="yesbuttonisclickableforworkapproval" time="1.179"/>
  <system-out/>
  <testcase classname="testpages.WorkDetailsTest" name="BackbuttonisclickableforworkinboxHOD" time="1.192"/>
  <system-out/>
  <testcase classname="testpages.WorkDetailsTest" name="LogoutbuttonisclickableforHOD" time="1.096"/>
  <system-out/>
  <testcase classname="testpages.WorkDetailsTest" name="yesbuttonisclickableforlogoutasHOD" time="1.230"/>
  <system-out/>
</testsuite> <!-- testpages.WorkDetailsTest -->
