<?xml version="1.0" encoding="UTF-8"?>
<!-- Generated by org.testng.reporters.JUnitReportReporter -->
<testsuite hostname="DESKTOP-5G1UN2J" failures="0" tests="65" name="testpages.AdministrativeApprovalCreationTest" time="74.794" errors="0" timestamp="2023-03-30T12:57:49 IST" skipped="0">
  <testcase classname="testpages.AdministrativeApprovalCreationTest" name="loginWithMaker" time="1.339"/>
  <system-out/>
  <testcase classname="testpages.AdministrativeApprovalCreationTest" name="AdministrativeWorkIsClickable" time="1.068"/>
  <system-out/>
  <testcase classname="testpages.AdministrativeApprovalCreationTest" name="AdministrativeDeatilsIsHovering" time="1.144"/>
  <system-out/>
  <testcase classname="testpages.AdministrativeApprovalCreationTest" name="AdministrativeApprovalCreationIsClickable" time="1.180"/>
  <system-out/>
  <testcase classname="testpages.AdministrativeApprovalCreationTest" name="rokhvahigatIsSelectable" time="1.209"/>
  <system-out/>
  <testcase classname="testpages.AdministrativeApprovalCreationTest" name="rokhvahiIsSelectable" time="1.181"/>
  <system-out/>
  <testcase classname="testpages.AdministrativeApprovalCreationTest" name="Enterheadcode" time="1.150"/>
  <system-out/>
  <testcase classname="testpages.AdministrativeApprovalCreationTest" name="HeadcodeisSelectable" time="1.057"/>
  <system-out/>
  <testcase classname="testpages.AdministrativeApprovalCreationTest" name="AAYearisSelectable" time="1.185"/>
  <system-out/>
  <testcase classname="testpages.AdministrativeApprovalCreationTest" name="TalukaIsSelectable" time="1.232"/>
  <system-out/>
  <testcase classname="testpages.AdministrativeApprovalCreationTest" name="VillageIsSelectable" time="1.179"/>
  <system-out/>
  <testcase classname="testpages.AdministrativeApprovalCreationTest" name="CanEnterConstiuency" time="1.132"/>
  <system-out/>
  <testcase classname="testpages.AdministrativeApprovalCreationTest" name="Enterpramanumber" time="1.104"/>
  <system-out/>
  <testcase classname="testpages.AdministrativeApprovalCreationTest" name="PrmaDatefieldIsSelectable" time="1.101"/>
  <system-out/>
  <testcase classname="testpages.AdministrativeApprovalCreationTest" name="PrmaDateIsSelectable" time="1.058"/>
  <system-out/>
  <testcase classname="testpages.AdministrativeApprovalCreationTest" name="canEnterpramaamount" time="1.168"/>
  <system-out/>
  <testcase classname="testpages.AdministrativeApprovalCreationTest" name="fileuploadispossible" time="1.375"/>
  <system-out/>
  <testcase classname="testpages.AdministrativeApprovalCreationTest" name="fileuploadbuttonisclicakble" time="1.111"/>
  <system-out/>
  <testcase classname="testpages.AdministrativeApprovalCreationTest" name="aasavebuttonisclickable" time="1.096"/>
  <system-out/>
  <testcase classname="testpages.AdministrativeApprovalCreationTest" name="aayesbuttonisclickable" time="1.097"/>
  <system-out/>
  <testcase classname="testpages.AdministrativeApprovalCreationTest" name="aaokbuttonisclickable" time="1.197"/>
  <system-out/>
  <testcase classname="testpages.AdministrativeApprovalCreationTest" name="Backbuttonisclickable" time="1.087"/>
  <system-out/>
  <testcase classname="testpages.AdministrativeApprovalCreationTest" name="AdministrativeWorkIsClickable1" time="1.092"/>
  <system-out/>
  <testcase classname="testpages.AdministrativeApprovalCreationTest" name="MovetoAADetails" time="1.179"/>
  <system-out/>
  <testcase classname="testpages.AdministrativeApprovalCreationTest" name="ClickonAAoutbox" time="1.177"/>
  <system-out/>
  <testcase classname="testpages.AdministrativeApprovalCreationTest" name="StatusIsSelectable" time="1.182"/>
  <system-out/>
  <testcase classname="testpages.AdministrativeApprovalCreationTest" name="SearchTextboxacceptcharacters" time="2.442"/>
  <system-out/>
  <testcase classname="testpages.AdministrativeApprovalCreationTest" name="aaslipdisplay" time="1.216"/>
  <system-out/>
  <testcase classname="testpages.AdministrativeApprovalCreationTest" name="Backbuttonisclickable1" time="1.124"/>
  <system-out/>
  <testcase classname="testpages.AdministrativeApprovalCreationTest" name="Backbuttonisclickable2" time="1.175"/>
  <system-out/>
  <testcase classname="testpages.AdministrativeApprovalCreationTest" name="Logoutbuttonisclickable" time="1.086"/>
  <system-out/>
  <testcase classname="testpages.AdministrativeApprovalCreationTest" name="yesbuttonisclickableforlogout" time="1.299"/>
  <system-out/>
  <testcase classname="testpages.AdministrativeApprovalCreationTest" name="loginWithHOD" time="0.536"/>
  <system-out/>
  <testcase classname="testpages.AdministrativeApprovalCreationTest" name="AdministrativeWorkIsClickable2" time="1.064"/>
  <system-out/>
  <testcase classname="testpages.AdministrativeApprovalCreationTest" name="MovetoAdministrativeApprovalDetails" time="1.168"/>
  <system-out/>
  <testcase classname="testpages.AdministrativeApprovalCreationTest" name="AAInboxIsclickable" time="1.219"/>
  <system-out/>
  <testcase classname="testpages.AdministrativeApprovalCreationTest" name="SearchPramaforHODApproval" time="1.237"/>
  <system-out/>
  <testcase classname="testpages.AdministrativeApprovalCreationTest" name="ViewAASlipforApproval" time="1.205"/>
  <system-out/>
  <testcase classname="testpages.AdministrativeApprovalCreationTest" name="ApproveButtonisclickable" time="1.087"/>
  <system-out/>
  <testcase classname="testpages.AdministrativeApprovalCreationTest" name="yesbuttonisclickableforaaapproval" time="1.178"/>
  <system-out/>
  <testcase classname="testpages.AdministrativeApprovalCreationTest" name="BackbuttonisclickableforaainboxHOD" time="1.165"/>
  <system-out/>
  <testcase classname="testpages.AdministrativeApprovalCreationTest" name="LogoutbuttonisclickableforHOD" time="1.088"/>
  <system-out/>
  <testcase classname="testpages.AdministrativeApprovalCreationTest" name="yesbuttonisclickableforlogoutasHOD" time="1.211"/>
  <system-out/>
  <testcase classname="testpages.AdministrativeApprovalCreationTest" name="loginWithDYCAFO" time="0.554"/>
  <system-out/>
  <testcase classname="testpages.AdministrativeApprovalCreationTest" name="AdministrativeWorkIsClickable3" time="1.064"/>
  <system-out/>
  <testcase classname="testpages.AdministrativeApprovalCreationTest" name="MovetoAdministrativeApprovalDetailsDYCAFO" time="1.178"/>
  <system-out/>
  <testcase classname="testpages.AdministrativeApprovalCreationTest" name="AAInboxIsclickableforDYCAFO" time="1.247"/>
  <system-out/>
  <testcase classname="testpages.AdministrativeApprovalCreationTest" name="SearchPramaforDYCAFOApproval" time="1.179"/>
  <system-out/>
  <testcase classname="testpages.AdministrativeApprovalCreationTest" name="ViewAASlipforDYCAFOApproval" time="1.208"/>
  <system-out/>
  <testcase classname="testpages.AdministrativeApprovalCreationTest" name="ApproveButtonisclickableDYCAFO" time="1.106"/>
  <system-out/>
  <testcase classname="testpages.AdministrativeApprovalCreationTest" name="yesbuttonisclickableforaaapprovalDYCAFO" time="1.170"/>
  <system-out/>
  <testcase classname="testpages.AdministrativeApprovalCreationTest" name="BackbuttonisclickableforaainboxDYCAFO" time="1.187"/>
  <system-out/>
  <testcase classname="testpages.AdministrativeApprovalCreationTest" name="LogoutbuttonisclickableforDYCAFO" time="1.092"/>
  <system-out/>
  <testcase classname="testpages.AdministrativeApprovalCreationTest" name="yesbuttonisclickableforlogoutasDYCAFO" time="1.234"/>
  <system-out/>
  <testcase classname="testpages.AdministrativeApprovalCreationTest" name="loginWithCAFO" time="0.530"/>
  <system-out/>
  <testcase classname="testpages.AdministrativeApprovalCreationTest" name="AdministrativeWorkIsClickable4" time="1.063"/>
  <system-out/>
  <testcase classname="testpages.AdministrativeApprovalCreationTest" name="MovetoAdministrativeApprovalDetailsCAFO" time="1.181"/>
  <system-out/>
  <testcase classname="testpages.AdministrativeApprovalCreationTest" name="AAInboxIsclickableforCAFO" time="1.158"/>
  <system-out/>
  <testcase classname="testpages.AdministrativeApprovalCreationTest" name="SearchPramaforCAFOApproval" time="1.165"/>
  <system-out/>
  <testcase classname="testpages.AdministrativeApprovalCreationTest" name="ViewAASlipforCAFOApproval" time="1.169"/>
  <system-out/>
  <testcase classname="testpages.AdministrativeApprovalCreationTest" name="ApproveButtonisclickableCAFO" time="1.103"/>
  <system-out/>
  <testcase classname="testpages.AdministrativeApprovalCreationTest" name="yesbuttonisclickableforaaapprovalCAFO" time="1.164"/>
  <system-out/>
  <testcase classname="testpages.AdministrativeApprovalCreationTest" name="BackbuttonisclickableforaainboxCAFO" time="1.159"/>
  <system-out/>
  <testcase classname="testpages.AdministrativeApprovalCreationTest" name="LogoutbuttonisclickableforCAFO" time="1.102"/>
  <system-out/>
  <testcase classname="testpages.AdministrativeApprovalCreationTest" name="yesbuttonisclickableforlogoutasCAFO" time="1.201"/>
  <system-out/>
</testsuite> <!-- testpages.AdministrativeApprovalCreationTest -->
