<?xml version="1.0" encoding="UTF-8"?>
<!-- Generated by org.testng.reporters.JUnitReportReporter -->
<testsuite hostname="DESKTOP-5G1UN2J" failures="0" tests="9" name="testpages.BeneficiaryCreationTest" time="13.828" errors="0" timestamp="2025-03-26T18:29:58 IST" skipped="0">
  <testcase classname="testpages.BeneficiaryCreationTest" name="loginWithMaker" time="0.971"/>
  <testcase classname="testpages.BeneficiaryCreationTest" name="MasterMenuisClickable" time="2.059"/>
  <testcase classname="testpages.BeneficiaryCreationTest" name="vendorcreationMenuisclickable" time="0.416"/>
  <testcase classname="testpages.BeneficiaryCreationTest" name="BenefiicaryNamecanbeenter" time="0.091"/>
  <testcase classname="testpages.BeneficiaryCreationTest" name="MobileNumbercanbeenter" time="3.637"/>
  <testcase classname="testpages.BeneficiaryCreationTest" name="emailIDcanbeenter" time="1.723"/>
  <testcase classname="testpages.BeneficiaryCreationTest" name="Addresscanbeenter" time="1.631"/>
  <testcase classname="testpages.BeneficiaryCreationTest" name="vendorpincodecanbeenter" time="1.641"/>
  <testcase classname="testpages.BeneficiaryCreationTest" name="vendorcitycanbeenter" time="1.659"/>
</testsuite> <!-- testpages.BeneficiaryCreationTest -->
